app/build/intermediates/manifest_merge_blame_file/debug/manifest-merger-blame-debug-report.txt
1<?xml version="1.0" encoding="utf-8"?>
2<manifest xmlns:android="http://schemas.android.com/apk/res/android"
3    package="com.ronnelrazo.physical_counting"
4    android:versionCode="1"
5    android:versionName="1.0" >
6
7    <uses-sdk
8        android:minSdkVersion="25"
8-->src\main\AndroidManifest.xml
9        android:targetSdkVersion="31" />
9-->src\main\AndroidManifest.xml
10
11    <uses-permission android:name="android.permission.INTERNET" />
11-->src\main\AndroidManifest.xml:5:5-67
11-->src\main\AndroidManifest.xml:5:22-64
12    <uses-permission android:name="android.permission.ACCESS_WIFI_STATE" />
12-->src\main\AndroidManifest.xml:6:5-76
12-->src\main\AndroidManifest.xml:6:22-73
13    <uses-permission android:name="android.permission.ACCESS_NETWORK_STATE" />
13-->src\main\AndroidManifest.xml:7:5-79
13-->src\main\AndroidManifest.xml:7:22-76
14
15    <application
15-->src\main\AndroidManifest.xml:10:5-48:19
16        android:allowBackup="true"
16-->src\main\AndroidManifest.xml:11:9-35
17        android:appComponentFactory="androidx.core.app.CoreComponentFactory"
17-->[androidx.core:core:1.7.0] AndroidManifest.xml:24:18-86
18        android:debuggable="true"
19        android:extractNativeLibs="false"
20        android:icon="@mipmap/ic_launcher"
20-->src\main\AndroidManifest.xml:12:9-43
21        android:label="@string/app_name"
21-->src\main\AndroidManifest.xml:13:9-41
22        android:roundIcon="@mipmap/ic_launcher_round"
22-->src\main\AndroidManifest.xml:14:9-54
23        android:supportsRtl="true"
23-->src\main\AndroidManifest.xml:15:9-35
24        android:testOnly="true"
25        android:theme="@style/Theme.Physical_counting" >
25-->src\main\AndroidManifest.xml:16:9-55
26        <activity
26-->src\main\AndroidManifest.xml:17:9-19:40
27            android:name="com.ronnelrazo.physical_counting.Pdf_record_list"
27-->src\main\AndroidManifest.xml:18:13-44
28            android:exported="false" />
28-->src\main\AndroidManifest.xml:19:13-37
29        <activity
29-->src\main\AndroidManifest.xml:20:9-22:40
30            android:name="com.ronnelrazo.physical_counting.Integration_submenu"
30-->src\main\AndroidManifest.xml:21:13-48
31            android:exported="false" />
31-->src\main\AndroidManifest.xml:22:13-37
32        <activity
32-->src\main\AndroidManifest.xml:23:9-25:40
33            android:name="com.ronnelrazo.physical_counting.tab_from"
33-->src\main\AndroidManifest.xml:24:13-37
34            android:exported="false" />
34-->src\main\AndroidManifest.xml:25:13-37
35        <activity
35-->src\main\AndroidManifest.xml:26:9-28:40
36            android:name="com.ronnelrazo.physical_counting.inv_form"
36-->src\main\AndroidManifest.xml:27:13-37
37            android:exported="false" />
37-->src\main\AndroidManifest.xml:28:13-37
38        <activity
38-->src\main\AndroidManifest.xml:29:9-31:40
39            android:name="com.ronnelrazo.physical_counting.Farm_categories"
39-->src\main\AndroidManifest.xml:30:13-44
40            android:exported="false" />
40-->src\main\AndroidManifest.xml:31:13-37
41        <activity
41-->src\main\AndroidManifest.xml:32:9-40:20
42            android:name="com.ronnelrazo.physical_counting.Login"
42-->src\main\AndroidManifest.xml:33:13-34
43            android:exported="true" >
43-->src\main\AndroidManifest.xml:34:13-36
44            <intent-filter>
44-->src\main\AndroidManifest.xml:35:13-39:29
45                <action android:name="android.intent.action.MAIN" />
45-->src\main\AndroidManifest.xml:36:17-69
45-->src\main\AndroidManifest.xml:36:25-66
46
47                <category android:name="android.intent.category.LAUNCHER" />
47-->src\main\AndroidManifest.xml:38:17-77
47-->src\main\AndroidManifest.xml:38:27-74
48            </intent-filter>
49        </activity>
50        <activity
50-->src\main\AndroidManifest.xml:41:9-43:40
51            android:name="com.ronnelrazo.physical_counting.MainActivity"
51-->src\main\AndroidManifest.xml:42:13-41
52            android:exported="false" />
52-->src\main\AndroidManifest.xml:43:13-37
53
54        <service
54-->src\main\AndroidManifest.xml:45:9-47:40
55            android:name="com.novoda.merlin.MerlinService"
55-->src\main\AndroidManifest.xml:46:13-59
56            android:exported="false" />
56-->src\main\AndroidManifest.xml:47:13-37
57
58        <activity
58-->[com.karumi:dexter:6.2.3] AndroidManifest.xml:27:9-29:72
59            android:name="com.karumi.dexter.DexterActivity"
59-->[com.karumi:dexter:6.2.3] AndroidManifest.xml:28:13-60
60            android:theme="@style/Dexter.Internal.Theme.Transparent" />
60-->[com.karumi:dexter:6.2.3] AndroidManifest.xml:29:13-69
61
62        <service
62-->[es.voghdev.pdfviewpager:library:1.1.2] AndroidManifest.xml:12:9-15:19
63            android:name="es.voghdev.pdfviewpager.library.service.CopyAssetService"
63-->[es.voghdev.pdfviewpager:library:1.1.2] AndroidManifest.xml:13:13-84
64            android:exported="false" >
64-->[es.voghdev.pdfviewpager:library:1.1.2] AndroidManifest.xml:14:13-37
65        </service>
66
67        <provider
67-->[androidx.emoji2:emoji2:1.0.0] AndroidManifest.xml:26:9-34:20
68            android:name="androidx.startup.InitializationProvider"
68-->[androidx.emoji2:emoji2:1.0.0] AndroidManifest.xml:27:13-67
69            android:authorities="com.ronnelrazo.physical_counting.androidx-startup"
69-->[androidx.emoji2:emoji2:1.0.0] AndroidManifest.xml:28:13-68
70            android:exported="false" >
70-->[androidx.emoji2:emoji2:1.0.0] AndroidManifest.xml:29:13-37
71            <meta-data
71-->[androidx.emoji2:emoji2:1.0.0] AndroidManifest.xml:31:13-33:52
72                android:name="androidx.emoji2.text.EmojiCompatInitializer"
72-->[androidx.emoji2:emoji2:1.0.0] AndroidManifest.xml:32:17-75
73                android:value="androidx.startup" />
73-->[androidx.emoji2:emoji2:1.0.0] AndroidManifest.xml:33:17-49
74            <meta-data
74-->[androidx.lifecycle:lifecycle-process:2.4.0] AndroidManifest.xml:31:13-33:52
75                android:name="androidx.lifecycle.ProcessLifecycleInitializer"
75-->[androidx.lifecycle:lifecycle-process:2.4.0] AndroidManifest.xml:32:17-78
76                android:value="androidx.startup" />
76-->[androidx.lifecycle:lifecycle-process:2.4.0] AndroidManifest.xml:33:17-49
77        </provider>
78    </application>
79
80</manifest>